total 19479
drwxr-xr-x 1 amonm 197121        0 May  4 22:00 ./
drwxr-xr-x 1 amonm 197121        0 May  4 20:13 ../
drwxr-xr-x 1 amonm 197121        0 May  4 20:55 .git/
-rw-r--r-- 1 amonm 197121       67 May  4 15:02 .gitignore
-rw-r--r-- 1 amonm 197121      831 May  4 15:02 .replit
drwxr-xr-x 1 amonm 197121        0 May  4 21:02 .vscode/
drwxr-xr-x 1 amonm 197121        0 May  4 15:02 attached_assets/
-rw-r--r-- 1 amonm 197121      354 May  4 21:55 C:UsersamonmAppDataLocalTemp188f3690-e37d-48b7-a107-a0ed7e2c084f.log
-rw-r--r-- 1 amonm 197121       12 May  4 21:14 C:UsersamonmAppDataLocalTemp478085f2-b402-43aa-b431-43b10c9fc4cf.log
-rw-r--r-- 1 amonm 197121     2242 May  4 21:14 C:UsersamonmAppDataLocalTemp7ee192c4-5ea6-4e58-97ac-60d9be3616a7.log
-rw-r--r-- 1 amonm 197121        0 May  4 22:00 C:UsersamonmAppDataLocalTempd34be2ae-2132-4cb4-b2a5-6fa693457b68.log
-rw-r--r-- 1 amonm 197121     6503 May  4 21:30 cli-downloader.ts
drwxr-xr-x 1 amonm 197121        0 May  4 15:02 client/
-rw-r--r-- 1 amonm 197121      459 May  4 15:02 components.json
-rw-r--r-- 1 amonm 197121      325 May  4 15:02 drizzle.config.ts
drwxr-xr-x 1 amonm 197121        0 May  4 21:16 ffmpeg/
-rw-r--r-- 1 amonm 197121  1031575 May  4 15:02 generated-icon.png
drwxr-xr-x 1 amonm 197121        0 May  4 21:55 node_modules/
-rw-r--r-- 1 amonm 197121     3640 May  4 21:55 package.json
-rw-r--r-- 1 amonm 197121   319864 May  4 21:55 package-lock.json
-rw-r--r-- 1 amonm 197121       80 May  4 15:02 postcss.config.js
-rw-r--r-- 1 amonm 197121     3345 May  4 15:02 README.md
-rw-r--r-- 1 amonm 197121       80 May  4 21:30 run-downloader.bat
drwxr-xr-x 1 amonm 197121        0 May  4 15:02 server/
drwxr-xr-x 1 amonm 197121        0 May  4 15:02 shared/
-rw-r--r-- 1 amonm 197121     2787 May  4 15:02 tailwind.config.ts
-rw-r--r-- 1 amonm 197121      657 May  4 15:02 tsconfig.json
-rw-r--r-- 1 amonm 197121      894 May  4 15:02 vite.config.ts
-rwxr-xr-x 1 amonm 197121 18136476 Apr  1 08:14 yt-dlp.exe*
