attached_assets
C:UsersamonmAppDataLocalTemp188f3690-e37d-48b7-a107-a0ed7e2c084f.log
C:UsersamonmAppDataLocalTemp478085f2-b402-43aa-b431-43b10c9fc4cf.log
C:UsersamonmAppDataLocalTemp7cf7744e-4935-45b0-8f0e-19ca9cc1f0b6.log
C:UsersamonmAppDataLocalTemp7ee192c4-5ea6-4e58-97ac-60d9be3616a7.log
C:UsersamonmAppDataLocalTempd34be2ae-2132-4cb4-b2a5-6fa693457b68.log
cli-downloader.ts
client
components.json
drizzle.config.ts
ffmpeg
generated-icon.png
node_modules
package.json
package-lock.json
postcss.config.js
README.md
run-downloader.bat
server
shared
tailwind.config.ts
tsconfig.json
vite.config.ts
yt-dlp.exe
